{"F:\\MyProJect_Study04\\Backend-Typescript\\crest-walk-api-JS\\src\\config\\env.config.js": {"path":"F:\\MyProJect_Study04\\Backend-Typescript\\crest-walk-api-JS\\src\\config\\env.config.js","statementMap":{"0":{"start":{"line":8,"column":0},"end":{"line":8,"column":16}},"1":{"start":{"line":10,"column":15},"end":{"line":15,"column":1}}},"fnMap":{},"branchMap":{"0":{"loc":{"start":{"line":11,"column":8},"end":{"line":11,"column":32}},"type":"binary-expr","locations":[{"start":{"line":11,"column":8},"end":{"line":11,"column":24}},{"start":{"line":11,"column":28},"end":{"line":11,"column":32}}],"line":11},"1":{"loc":{"start":{"line":12,"column":12},"end":{"line":12,"column":49}},"type":"binary-expr","locations":[{"start":{"line":12,"column":12},"end":{"line":12,"column":32}},{"start":{"line":12,"column":36},"end":{"line":12,"column":49}}],"line":12}},"s":{"0":1,"1":1},"f":{},"b":{"0":[1,0],"1":[1,0]},"_coverageSchema":"1a1c01bbd47fc00a2c39e90264f33305004495a9","hash":"59ee6682edef2beb2d034f252e70b57f560a20df"}
}
